<?xml version="1.0" encoding="UTF-8"?>
<!-- Generated by org.testng.reporters.JUnitXMLReporter -->
<testsuite ignored="0" hostname="LTIN499312" failures="0" tests="3" name="Test" time="81.06" errors="0" timestamp="2025-03-07T11:49:15 IST">
  <testcase classname="testCases.TC_001_Create_contact" name="createContact" time="11.053"/>
  <testcase classname="testCases.TC_002_Create_lead" name="createLead" time="10.963"/>
  <testcase classname="testCases.TC_003_Create_account" name="createAccount" time="4.79"/>
</testsuite> <!-- Test -->
