<?xml version="1.0" encoding="UTF-8"?>
<!-- Generated by org.testng.reporters.JUnitXMLReporter -->
<testsuite ignored="0" hostname="DESKTOP-1SM6IMS" failures="0" tests="3" name="Test" time="68.345" errors="0" timestamp="2025-04-05T08:11:41 IST">
  <testcase classname="testCases.TC_001_Create_contact" name="createContact" time="11.979"/>
  <testcase classname="testCases.TC_002_Create_lead" name="createLead" time="11.973"/>
  <testcase classname="testCases.TC_003_Create_account" name="createAccount" time="5.299"/>
</testsuite> <!-- Test -->
