<?xml version="1.0" encoding="UTF-8"?>
<testsuite xmlns:xsi="http://www.w3.org/2001/XMLSchema-instance" xsi:noNamespaceSchemaLocation="https://maven.apache.org/surefire/maven-surefire-plugin/xsd/surefire-test-report.xsd" version="3.0.2" name="TestSuite" time="82.875" tests="3" errors="0" skipped="0" failures="0">
  <properties>
[...]
</properties>
  <testcase name="createContact" classname="testCases.TC_001_Create_contact" time="11.062">
    <system-out><![CDATA[2025-03-07 11:47:53 INFO  TC_001_Create_contact:34 - Starting setup for baseClass.
2025-03-07 11:48:00 INFO  TC_001_Create_contact:45 - Browser launched and URL opened successfully.
2025-03-07 11:48:00 INFO  TC_001_Create_contact:51 - Setup completed successfully.
2025-03-07 11:48:06 INFO  TC_001_Create_contact:60 - User Logged into Sucessfully.
2025-03-07 11:48:09 INFO  TC_001_Create_contact:67 - Navigated to Sales sucessfully.
2025-03-07 11:48:09 INFO  TC_001_Create_contact:29 - Clicked on contact sucessfully.
2025-03-07 11:48:18 INFO  TC_001_Create_contact:40 - contact created sucessfully.
2025-03-07 11:48:20 INFO  TC_001_Create_contact:50 - Contact verified successfully
]]></system-out>
  </testcase>
  <testcase name="createLead" classname="testCases.TC_002_Create_lead" time="10.963">
    <system-out><![CDATA[2025-03-07 11:48:25 INFO  TC_001_Create_contact:77 - Browser closed successfully.
2025-03-07 11:48:25 INFO  TC_002_Create_lead:34 - Starting setup for baseClass.
2025-03-07 11:48:30 INFO  TC_002_Create_lead:45 - Browser launched and URL opened successfully.
2025-03-07 11:48:30 INFO  TC_002_Create_lead:51 - Setup completed successfully.
2025-03-07 11:48:35 INFO  TC_002_Create_lead:60 - User Logged into Sucessfully.
2025-03-07 11:48:38 INFO  TC_002_Create_lead:67 - Navigated to Sales sucessfully.
]]></system-out>
  </testcase>
  <testcase name="createAccount" classname="testCases.TC_003_Create_account" time="4.79">
    <system-out><![CDATA[2025-03-07 11:48:53 INFO  TC_002_Create_lead:77 - Browser closed successfully.
2025-03-07 11:48:53 INFO  TC_003_Create_account:34 - Starting setup for baseClass.
2025-03-07 11:48:58 INFO  TC_003_Create_account:45 - Browser launched and URL opened successfully.
2025-03-07 11:48:58 INFO  TC_003_Create_account:51 - Setup completed successfully.
2025-03-07 11:49:03 INFO  TC_003_Create_account:60 - User Logged into Sucessfully.
2025-03-07 11:49:06 INFO  TC_003_Create_account:67 - Navigated to Sales sucessfully.
]]></system-out>
  </testcase>
</testsuite>