<?xml version="1.0" encoding="UTF-8"?>
<testng-results ignored="0" total="3" passed="3" failed="0" skipped="0">
  <reporter-output>
  </reporter-output>
  <suite started-at="2025-03-07T11:47:53 IST" name="Suite" finished-at="2025-03-07T11:49:14 IST" duration-ms="81060">
    <groups>
    </groups>
    <test started-at="2025-03-07T11:47:53 IST" name="Test" finished-at="2025-03-07T11:49:14 IST" duration-ms="81060">
      <class name="testCases.TC_001_Create_contact">
        <test-method is-config="true" signature="setup()[pri:0, instance:testCases.TC_001_Create_contact@5fcacc0]" started-at="2025-03-07T11:47:53 IST" name="setup" finished-at="2025-03-07T11:48:00 IST" duration-ms="7000" status="PASS">
          <reporter-output>
          </reporter-output>
        </test-method> <!-- setup -->
        <test-method is-config="true" signature="login()[pri:0, instance:testCases.TC_001_Create_contact@5fcacc0]" started-at="2025-03-07T11:48:00 IST" name="login" finished-at="2025-03-07T11:48:09 IST" duration-ms="8362" status="PASS">
          <reporter-output>
          </reporter-output>
        </test-method> <!-- login -->
        <test-method signature="createContact()[pri:0, instance:testCases.TC_001_Create_contact@5fcacc0]" started-at="2025-03-07T11:48:09 IST" name="createContact" finished-at="2025-03-07T11:48:20 IST" duration-ms="11053" status="PASS">
          <reporter-output>
          </reporter-output>
        </test-method> <!-- createContact -->
        <test-method is-config="true" signature="tearDown()[pri:0, instance:testCases.TC_001_Create_contact@5fcacc0]" started-at="2025-03-07T11:48:20 IST" name="tearDown" finished-at="2025-03-07T11:48:25 IST" duration-ms="5216" status="PASS">
          <reporter-output>
          </reporter-output>
        </test-method> <!-- tearDown -->
      </class> <!-- testCases.TC_001_Create_contact -->
      <class name="testCases.TC_002_Create_lead">
        <test-method is-config="true" signature="setup()[pri:0, instance:testCases.TC_002_Create_lead@6a988392]" started-at="2025-03-07T11:48:25 IST" name="setup" finished-at="2025-03-07T11:48:30 IST" duration-ms="5287" status="PASS">
          <reporter-output>
          </reporter-output>
        </test-method> <!-- setup -->
        <test-method is-config="true" signature="login()[pri:0, instance:testCases.TC_002_Create_lead@6a988392]" started-at="2025-03-07T11:48:30 IST" name="login" finished-at="2025-03-07T11:48:38 IST" duration-ms="8116" status="PASS">
          <reporter-output>
          </reporter-output>
        </test-method> <!-- login -->
        <test-method signature="createLead()[pri:0, instance:testCases.TC_002_Create_lead@6a988392]" started-at="2025-03-07T11:48:38 IST" name="createLead" finished-at="2025-03-07T11:48:49 IST" duration-ms="10963" status="PASS">
          <reporter-output>
          </reporter-output>
        </test-method> <!-- createLead -->
        <test-method is-config="true" signature="tearDown()[pri:0, instance:testCases.TC_002_Create_lead@6a988392]" started-at="2025-03-07T11:48:49 IST" name="tearDown" finished-at="2025-03-07T11:48:53 IST" duration-ms="3487" status="PASS">
          <reporter-output>
          </reporter-output>
        </test-method> <!-- tearDown -->
      </class> <!-- testCases.TC_002_Create_lead -->
      <class name="testCases.TC_003_Create_account">
        <test-method is-config="true" signature="setup()[pri:0, instance:testCases.TC_003_Create_account@1d71006f]" started-at="2025-03-07T11:48:53 IST" name="setup" finished-at="2025-03-07T11:48:58 IST" duration-ms="5414" status="PASS">
          <reporter-output>
          </reporter-output>
        </test-method> <!-- setup -->
        <test-method is-config="true" signature="login()[pri:0, instance:testCases.TC_003_Create_account@1d71006f]" started-at="2025-03-07T11:48:58 IST" name="login" finished-at="2025-03-07T11:49:06 IST" duration-ms="7975" status="PASS">
          <reporter-output>
          </reporter-output>
        </test-method> <!-- login -->
        <test-method signature="createAccount()[pri:0, instance:testCases.TC_003_Create_account@1d71006f]" started-at="2025-03-07T11:49:06 IST" name="createAccount" finished-at="2025-03-07T11:49:11 IST" duration-ms="4790" status="PASS">
          <reporter-output>
          </reporter-output>
        </test-method> <!-- createAccount -->
        <test-method is-config="true" signature="tearDown()[pri:0, instance:testCases.TC_003_Create_account@1d71006f]" started-at="2025-03-07T11:49:11 IST" name="tearDown" finished-at="2025-03-07T11:49:14 IST" duration-ms="3154" status="PASS">
          <reporter-output>
          </reporter-output>
        </test-method> <!-- tearDown -->
      </class> <!-- testCases.TC_003_Create_account -->
    </test> <!-- Test -->
  </suite> <!-- Suite -->
</testng-results>
