<?xml version="1.0" encoding="UTF-8"?>
<testsuite xmlns:xsi="http://www.w3.org/2001/XMLSchema-instance" xsi:noNamespaceSchemaLocation="https://maven.apache.org/surefire/maven-surefire-plugin/xsd/surefire-test-report.xsd" version="3.0.2" name="TestSuite" time="70.881" tests="3" errors="0" skipped="0" failures="0">
  <properties>
[...]
</properties>
  <testcase name="createContact" classname="testCases.TC_001_Create_contact" time="11.989">
    <system-out><![CDATA[2025-04-05 08:10:32 INFO  TC_001_Create_contact:34 - Starting setup for baseClass.
2025-04-05 08:10:35 INFO  TC_001_Create_contact:45 - Browser launched and URL opened successfully.
2025-04-05 08:10:35 INFO  TC_001_Create_contact:51 - Setup completed successfully.
2025-04-05 08:10:41 INFO  TC_001_Create_contact:60 - User Logged into Sucessfully.
2025-04-05 08:10:45 INFO  TC_001_Create_contact:67 - Navigated to Sales sucessfully.
2025-04-05 08:10:45 INFO  TC_001_Create_contact:29 - Clicked on contact sucessfully.
2025-04-05 08:10:55 INFO  TC_001_Create_contact:40 - contact created sucessfully.
2025-04-05 08:10:57 INFO  TC_001_Create_contact:50 - Contact verified successfully
]]></system-out>
    <system-err><![CDATA[Apr 05, 2025 8:10:34 AM org.openqa.selenium.devtools.CdpVersionFinder findNearestMatch
WARNING: Unable to find an exact match for CDP version 134, returning the closest version; found: 132; Please update to a Selenium version that supports CDP version 134
]]></system-err>
  </testcase>
  <testcase name="createLead" classname="testCases.TC_002_Create_lead" time="11.974">
    <system-out><![CDATA[2025-04-05 08:10:57 INFO  TC_001_Create_contact:77 - Browser closed successfully.
2025-04-05 08:10:57 INFO  TC_002_Create_lead:34 - Starting setup for baseClass.
2025-04-05 08:11:00 INFO  TC_002_Create_lead:45 - Browser launched and URL opened successfully.
2025-04-05 08:11:00 INFO  TC_002_Create_lead:51 - Setup completed successfully.
2025-04-05 08:11:07 INFO  TC_002_Create_lead:60 - User Logged into Sucessfully.
2025-04-05 08:11:11 INFO  TC_002_Create_lead:67 - Navigated to Sales sucessfully.
]]></system-out>
    <system-err><![CDATA[Apr 05, 2025 8:10:58 AM org.openqa.selenium.devtools.CdpVersionFinder findNearestMatch
WARNING: Unable to find an exact match for CDP version 134, returning the closest version; found: 132; Please update to a Selenium version that supports CDP version 134
]]></system-err>
  </testcase>
  <testcase name="createAccount" classname="testCases.TC_003_Create_account" time="5.299">
    <system-out><![CDATA[2025-04-05 08:11:23 INFO  TC_002_Create_lead:77 - Browser closed successfully.
2025-04-05 08:11:23 INFO  TC_003_Create_account:34 - Starting setup for baseClass.
2025-04-05 08:11:26 INFO  TC_003_Create_account:45 - Browser launched and URL opened successfully.
2025-04-05 08:11:26 INFO  TC_003_Create_account:51 - Setup completed successfully.
2025-04-05 08:11:27 INFO  TC_003_Create_account:60 - User Logged into Sucessfully.
2025-04-05 08:11:34 INFO  TC_003_Create_account:67 - Navigated to Sales sucessfully.
]]></system-out>
    <system-err><![CDATA[Apr 05, 2025 8:11:24 AM org.openqa.selenium.devtools.CdpVersionFinder findNearestMatch
WARNING: Unable to find an exact match for CDP version 134, returning the closest version; found: 132; Please update to a Selenium version that supports CDP version 134
]]></system-err>
  </testcase>
</testsuite>