<?xml version="1.0" encoding="UTF-8"?>
<testng-results ignored="0" total="3" passed="3" failed="0" skipped="0">
  <reporter-output>
  </reporter-output>
  <suite started-at="2025-04-05T08:10:31 IST" name="Suite" finished-at="2025-04-05T08:11:40 IST" duration-ms="68345">
    <groups>
    </groups>
    <test started-at="2025-04-05T08:10:31 IST" name="Test" finished-at="2025-04-05T08:11:40 IST" duration-ms="68345">
      <class name="testCases.TC_001_Create_contact">
        <test-method is-config="true" signature="setup()[pri:0, instance:testCases.TC_001_Create_contact@112f364d]" started-at="2025-04-05T08:10:32 IST" name="setup" finished-at="2025-04-05T08:10:35 IST" duration-ms="3460" status="PASS">
          <reporter-output>
          </reporter-output>
        </test-method> <!-- setup -->
        <test-method is-config="true" signature="login()[pri:0, instance:testCases.TC_001_Create_contact@112f364d]" started-at="2025-04-05T08:10:35 IST" name="login" finished-at="2025-04-05T08:10:45 IST" duration-ms="9392" status="PASS">
          <reporter-output>
          </reporter-output>
        </test-method> <!-- login -->
        <test-method signature="createContact()[pri:0, instance:testCases.TC_001_Create_contact@112f364d]" started-at="2025-04-05T08:10:45 IST" name="createContact" finished-at="2025-04-05T08:10:57 IST" duration-ms="11979" status="PASS">
          <reporter-output>
          </reporter-output>
        </test-method> <!-- createContact -->
        <test-method is-config="true" signature="tearDown()[pri:0, instance:testCases.TC_001_Create_contact@112f364d]" started-at="2025-04-05T08:10:57 IST" name="tearDown" finished-at="2025-04-05T08:10:57 IST" duration-ms="503" status="PASS">
          <reporter-output>
          </reporter-output>
        </test-method> <!-- tearDown -->
      </class> <!-- testCases.TC_001_Create_contact -->
      <class name="testCases.TC_002_Create_lead">
        <test-method is-config="true" signature="setup()[pri:0, instance:testCases.TC_002_Create_lead@241e8ea6]" started-at="2025-04-05T08:10:57 IST" name="setup" finished-at="2025-04-05T08:11:00 IST" duration-ms="3448" status="PASS">
          <reporter-output>
          </reporter-output>
        </test-method> <!-- setup -->
        <test-method is-config="true" signature="login()[pri:0, instance:testCases.TC_002_Create_lead@241e8ea6]" started-at="2025-04-05T08:11:01 IST" name="login" finished-at="2025-04-05T08:11:11 IST" duration-ms="10323" status="PASS">
          <reporter-output>
          </reporter-output>
        </test-method> <!-- login -->
        <test-method signature="createLead()[pri:0, instance:testCases.TC_002_Create_lead@241e8ea6]" started-at="2025-04-05T08:11:11 IST" name="createLead" finished-at="2025-04-05T08:11:23 IST" duration-ms="11973" status="PASS">
          <reporter-output>
          </reporter-output>
        </test-method> <!-- createLead -->
        <test-method is-config="true" signature="tearDown()[pri:0, instance:testCases.TC_002_Create_lead@241e8ea6]" started-at="2025-04-05T08:11:23 IST" name="tearDown" finished-at="2025-04-05T08:11:23 IST" duration-ms="371" status="PASS">
          <reporter-output>
          </reporter-output>
        </test-method> <!-- tearDown -->
      </class> <!-- testCases.TC_002_Create_lead -->
      <class name="testCases.TC_003_Create_account">
        <test-method is-config="true" signature="setup()[pri:0, instance:testCases.TC_003_Create_account@542e560f]" started-at="2025-04-05T08:11:23 IST" name="setup" finished-at="2025-04-05T08:11:26 IST" duration-ms="2696" status="PASS">
          <reporter-output>
          </reporter-output>
        </test-method> <!-- setup -->
        <test-method is-config="true" signature="login()[pri:0, instance:testCases.TC_003_Create_account@542e560f]" started-at="2025-04-05T08:11:26 IST" name="login" finished-at="2025-04-05T08:11:34 IST" duration-ms="8216" status="PASS">
          <reporter-output>
          </reporter-output>
        </test-method> <!-- login -->
        <test-method signature="createAccount()[pri:0, instance:testCases.TC_003_Create_account@542e560f]" started-at="2025-04-05T08:11:34 IST" name="createAccount" finished-at="2025-04-05T08:11:39 IST" duration-ms="5299" status="PASS">
          <reporter-output>
          </reporter-output>
        </test-method> <!-- createAccount -->
        <test-method is-config="true" signature="tearDown()[pri:0, instance:testCases.TC_003_Create_account@542e560f]" started-at="2025-04-05T08:11:39 IST" name="tearDown" finished-at="2025-04-05T08:11:40 IST" duration-ms="395" status="PASS">
          <reporter-output>
          </reporter-output>
        </test-method> <!-- tearDown -->
      </class> <!-- testCases.TC_003_Create_account -->
    </test> <!-- Test -->
  </suite> <!-- Suite -->
</testng-results>
