<?xml version="1.0" encoding="UTF-8"?>
<testng-results ignored="0" total="1" passed="1" failed="0" skipped="0">
  <reporter-output>
  </reporter-output>
  <suite started-at="2025-03-07T11:25:37 IST" name="Suite" finished-at="2025-03-07T11:25:59 IST" duration-ms="21569">
    <groups>
    </groups>
    <test started-at="2025-03-07T11:25:37 IST" name="Test" finished-at="2025-03-07T11:25:59 IST" duration-ms="21569">
      <class name="testCases.TC_003_Create_account">
        <test-method is-config="true" signature="setup()[pri:0, instance:testCases.TC_003_Create_account@611f8234]" started-at="2025-03-07T11:25:37 IST" name="setup" finished-at="2025-03-07T11:25:43 IST" duration-ms="5744" status="PASS">
          <reporter-output>
          </reporter-output>
        </test-method> <!-- setup -->
        <test-method is-config="true" signature="login()[pri:0, instance:testCases.TC_003_Create_account@611f8234]" started-at="2025-03-07T11:25:43 IST" name="login" finished-at="2025-03-07T11:25:51 IST" duration-ms="7844" status="PASS">
          <reporter-output>
          </reporter-output>
        </test-method> <!-- login -->
        <test-method signature="createAccount()[pri:0, instance:testCases.TC_003_Create_account@611f8234]" started-at="2025-03-07T11:25:51 IST" name="createAccount" finished-at="2025-03-07T11:25:56 IST" duration-ms="4711" status="PASS">
          <reporter-output>
          </reporter-output>
        </test-method> <!-- createAccount -->
        <test-method is-config="true" signature="tearDown()[pri:0, instance:testCases.TC_003_Create_account@611f8234]" started-at="2025-03-07T11:25:56 IST" name="tearDown" finished-at="2025-03-07T11:25:59 IST" duration-ms="3063" status="PASS">
          <reporter-output>
          </reporter-output>
        </test-method> <!-- tearDown -->
      </class> <!-- testCases.TC_003_Create_account -->
    </test> <!-- Test -->
  </suite> <!-- Suite -->
</testng-results>
